INFO 2025-03-05 03:12:34,567 autoreload Watching for file changes with StatReloader
INFO 2025-03-05 03:14:39,628 autoreload Watching for file changes with StatReloader
INFO 2025-03-05 03:16:08,883 autoreload C:\Users\Administrator\Desktop\crime_stat\backend\crime_analysis\settings.py changed, reloading.
INFO 2025-03-05 03:16:10,937 autoreload Watching for file changes with StatReloader
INFO 2025-03-05 03:16:28,452 autoreload Watching for file changes with StatReloader
INFO 2025-03-05 03:17:23,714 autoreload Watching for file changes with StatReloader
INFO 2025-03-05 11:37:52,065 autoreload Watching for file changes with StatReloader
INFO 2025-03-05 12:00:09,871 autoreload C:\Users\Administrator\Desktop\crime_stat\backend\crime_analysis\settings.py changed, reloading.
INFO 2025-03-05 12:00:13,311 autoreload Watching for file changes with StatReloader
INFO 2025-03-05 12:00:15,446 autoreload C:\Users\Administrator\Desktop\crime_stat\backend\crime_analysis\settings.py changed, reloading.
INFO 2025-03-05 12:00:18,847 autoreload Watching for file changes with StatReloader
INFO 2025-03-05 12:00:41,100 autoreload C:\Users\Administrator\Desktop\crime_stat\backend\crime_analysis\settings.py changed, reloading.
INFO 2025-03-05 12:00:43,799 autoreload Watching for file changes with StatReloader
INFO 2025-03-05 12:00:54,070 autoreload C:\Users\Administrator\Desktop\crime_stat\backend\crime_analysis\settings.py changed, reloading.
INFO 2025-03-05 12:00:56,472 autoreload Watching for file changes with StatReloader
INFO 2025-03-05 12:01:02,506 autoreload C:\Users\Administrator\Desktop\crime_stat\backend\crime_analysis\settings.py changed, reloading.
INFO 2025-03-05 12:01:05,767 autoreload Watching for file changes with StatReloader
INFO 2025-03-05 12:03:07,665 autoreload C:\Users\Administrator\Desktop\crime_stat\backend\crime_analysis\settings.py changed, reloading.
INFO 2025-03-05 12:25:51,545 autoreload Watching for file changes with StatReloader
INFO 2025-03-05 12:32:59,428 autoreload C:\Users\Administrator\Desktop\crime_stat\backend\crime_analysis\settings.py changed, reloading.
INFO 2025-03-05 12:33:01,763 autoreload Watching for file changes with StatReloader
INFO 2025-03-05 12:33:26,366 autoreload Watching for file changes with StatReloader
INFO 2025-03-05 12:34:36,489 autoreload Watching for file changes with StatReloader
INFO 2025-03-05 12:36:02,689 autoreload C:\Users\Administrator\Desktop\crime_stat\backend\agencies\admin.py changed, reloading.
INFO 2025-03-05 12:36:05,888 autoreload Watching for file changes with StatReloader
INFO 2025-03-05 12:36:22,502 autoreload Watching for file changes with StatReloader
INFO 2025-03-05 12:37:06,341 autoreload Watching for file changes with StatReloader
INFO 2025-03-05 12:38:27,327 autoreload C:\Users\Administrator\Desktop\crime_stat\backend\crimes\admin.py changed, reloading.
INFO 2025-03-05 12:38:30,825 autoreload Watching for file changes with StatReloader
INFO 2025-03-05 12:38:58,075 autoreload C:\Users\Administrator\Desktop\crime_stat\backend\crimes\admin.py changed, reloading.
INFO 2025-03-05 12:39:01,039 autoreload Watching for file changes with StatReloader
INFO 2025-03-05 12:39:04,470 autoreload C:\Users\Administrator\Desktop\crime_stat\backend\crimes\admin.py changed, reloading.
INFO 2025-03-05 12:39:07,208 autoreload Watching for file changes with StatReloader
INFO 2025-03-05 12:39:17,512 autoreload C:\Users\Administrator\Desktop\crime_stat\backend\crimes\admin.py changed, reloading.
INFO 2025-03-05 12:39:20,467 autoreload Watching for file changes with StatReloader
INFO 2025-03-05 12:39:48,219 autoreload Watching for file changes with StatReloader
INFO 2025-03-05 13:16:12,136 autoreload C:\Users\Administrator\Desktop\crime_stat\backend\alerts\admin.py changed, reloading.
INFO 2025-03-05 13:16:19,765 autoreload Watching for file changes with StatReloader
INFO 2025-03-05 13:16:31,509 autoreload C:\Users\Administrator\Desktop\crime_stat\backend\analytics\admin.py changed, reloading.
INFO 2025-03-05 13:16:35,484 autoreload Watching for file changes with StatReloader
INFO 2025-03-05 13:16:43,434 autoreload C:\Users\Administrator\Desktop\crime_stat\backend\analytics\admin.py changed, reloading.
INFO 2025-03-05 13:16:47,746 autoreload Watching for file changes with StatReloader
INFO 2025-03-05 13:16:59,237 autoreload C:\Users\Administrator\Desktop\crime_stat\backend\analytics\admin.py changed, reloading.
INFO 2025-03-05 13:17:04,211 autoreload Watching for file changes with StatReloader
INFO 2025-03-05 13:17:34,077 autoreload Watching for file changes with StatReloader
INFO 2025-03-05 13:19:24,823 autoreload Watching for file changes with StatReloader
INFO 2025-03-05 13:20:00,135 autoreload C:\Users\Administrator\Desktop\crime_stat\backend\reports\views.py changed, reloading.
INFO 2025-03-05 13:20:03,199 autoreload Watching for file changes with StatReloader
INFO 2025-03-05 13:20:10,632 autoreload C:\Users\Administrator\Desktop\crime_stat\backend\reports\views.py changed, reloading.
INFO 2025-03-05 13:20:13,738 autoreload Watching for file changes with StatReloader
INFO 2025-03-05 13:20:21,203 autoreload C:\Users\Administrator\Desktop\crime_stat\backend\reports\views.py changed, reloading.
INFO 2025-03-05 13:20:23,985 autoreload Watching for file changes with StatReloader
INFO 2025-03-05 13:20:31,402 autoreload C:\Users\Administrator\Desktop\crime_stat\backend\reports\views.py changed, reloading.
INFO 2025-03-05 13:20:34,562 autoreload Watching for file changes with StatReloader
INFO 2025-03-05 13:20:57,588 autoreload Watching for file changes with StatReloader
INFO 2025-03-05 13:23:12,769 autoreload C:\Users\Administrator\Desktop\crime_stat\backend\reports\views.py changed, reloading.
INFO 2025-03-05 13:23:16,192 autoreload Watching for file changes with StatReloader
INFO 2025-03-05 13:23:40,430 autoreload Watching for file changes with StatReloader
INFO 2025-03-05 14:01:36,758 autoreload Watching for file changes with StatReloader
INFO 2025-03-05 21:20:10,248 autoreload Watching for file changes with StatReloader
